<?xml version="1.0" encoding="UTF-8"?>
<coverage generated="1695363737901" clover="3.2.0">
  <project timestamp="1695363737901" name="All files">
    <metrics statements="8" coveredstatements="8" conditionals="0" coveredconditionals="0" methods="0" coveredmethods="0" elements="8" coveredelements="8" complexity="0" loc="8" ncloc="8" packages="1" files="2" classes="2"/>
    <file name="url-model.js" path="/Users/ydaniju/Documents/mentorship/ameenat/tinyURL/models/url-model.js">
      <metrics statements="4" coveredstatements="4" conditionals="0" coveredconditionals="0" methods="0" coveredmethods="0"/>
      <line num="1" count="1" type="stmt"/>
      <line num="2" count="1" type="stmt"/>
      <line num="4" count="1" type="stmt"/>
      <line num="15" count="1" type="stmt"/>
    </file>
    <file name="user-model.js" path="/Users/ydaniju/Documents/mentorship/ameenat/tinyURL/models/user-model.js">
      <metrics statements="4" coveredstatements="4" conditionals="0" coveredconditionals="0" methods="0" coveredmethods="0"/>
      <line num="1" count="1" type="stmt"/>
      <line num="2" count="1" type="stmt"/>
      <line num="4" count="1" type="stmt"/>
      <line num="30" count="1" type="stmt"/>
    </file>
  </project>
</coverage>
